{"name": "test_case06", "status": "failed", "statusDetails": {"message": "AssertionError: assert 2 == 2.5\n +  where 2 = int('2')\n +    where '2' = <appium.webdriver.webelement.WebElement (session=\"45a7f3e5-6ba9-4b29-96b9-6657b9744edd\", element=\"09000000-0000-0000-CD28-000000000000\")>.text", "trace": "def test_case06():\n        with allure.step('Check fractional number'):\n            driver = webdriver.Remote('http://127.0.0.1:4725/wd/hub', desired_capabilities)\n            driver.find_element_by_name('AC').click()\n        with allure.step('Tap on number \"5\" 5'):\n            driver.find_element_by_name('5').click()\n        with allure.step('Tap on minus button'):\n            driver.find_element_by_name('/').click()\n        with allure.step('Tap on number \"2\" 2'):\n            driver.find_element_by_name('2').click()\n        with allure.step('Tap on equally button'):\n            driver.find_element_by_name('=').click()\n        with allure.step('\"2.5,\" displayed in the field'):\n            numbers_field = driver.find_element_by_xpath('//XCUIElementTypeStaticText')\n>           assert int(numbers_field.text) == 2.5\nE           assert 2 == 2.5\nE            +  where 2 = int('2')\nE            +    where '2' = <appium.webdriver.webelement.WebElement (session=\"45a7f3e5-6ba9-4b29-96b9-6657b9744edd\", element=\"09000000-0000-0000-CD28-000000000000\")>.text\n\ntest_AppiumScript.py:122: AssertionError"}, "steps": [{"name": "Check fractional number", "status": "passed", "start": 1625639973110, "stop": 1625639977627}, {"name": "Tap on number \"5\" 5", "status": "passed", "start": 1625639977627, "stop": 1625639977779}, {"name": "Tap on minus button", "status": "passed", "start": 1625639977780, "stop": 1625639977934}, {"name": "Tap on number \"2\" 2", "status": "passed", "start": 1625639977934, "stop": 1625639978094}, {"name": "Tap on equally button", "status": "passed", "start": 1625639978094, "stop": 1625639978246}, {"name": "\"2.5,\" displayed in the field", "status": "failed", "statusDetails": {"message": "AssertionError: assert 2 == 2.5\n +  where 2 = int('2')\n +    where '2' = <appium.webdriver.webelement.WebElement (session=\"45a7f3e5-6ba9-4b29-96b9-6657b9744edd\", element=\"09000000-0000-0000-CD28-000000000000\")>.text\n", "trace": "  File \"/Users/nikolaipetrov/Documents/Dev/AppiumCalculator/test_AppiumScript.py\", line 122, in test_case06\n    assert int(numbers_field.text) == 2.5\n"}, "start": 1625639978246, "stop": 1625639978358}], "start": 1625639973110, "stop": 1625639978368, "uuid": "d8f4fee1-b475-438a-b261-6367a90a894b", "historyId": "7295724d4b9308d71753ccf16bb1ab92", "testCaseId": "6461e873fd64b041926542720872ad61", "fullName": "test_AppiumScript#test_case06", "labels": [{"name": "suite", "value": "test_AppiumScript"}, {"name": "host", "value": "Nikolais-MacBook-Pro.local"}, {"name": "thread", "value": "10118-MainThread"}, {"name": "framework", "value": "pytest"}, {"name": "language", "value": "cpython3"}, {"name": "package", "value": "test_AppiumScript"}]}